<?xml version="1.0" encoding="UTF-8"?>
<coverage generated="1768970890209" clover="3.2.0">
  <project timestamp="1768970890209" name="All files">
    <metrics statements="79" coveredstatements="78" conditionals="43" coveredconditionals="40" methods="27" coveredmethods="27" elements="149" coveredelements="145" complexity="0" loc="79" ncloc="79" packages="3" files="6" classes="6"/>
    <package name="components">
      <metrics statements="39" coveredstatements="39" conditionals="33" coveredconditionals="32" methods="15" coveredmethods="15"/>
      <file name="ProjectCard.tsx" path="/Users/matsui/project/freelance-time-tracker/frontend/src/components/ProjectCard.tsx">
        <metrics statements="14" coveredstatements="14" conditionals="12" coveredconditionals="12" methods="5" coveredmethods="5"/>
        <line num="10" count="1" type="stmt"/>
        <line num="11" count="20" type="stmt"/>
        <line num="13" count="20" type="stmt"/>
        <line num="14" count="2" type="cond" truecount="2" falsecount="0"/>
        <line num="15" count="1" type="stmt"/>
        <line num="19" count="20" type="stmt"/>
        <line num="32" count="1" type="stmt"/>
        <line num="52" count="1" type="stmt"/>
        <line num="86" count="20" type="cond" truecount="2" falsecount="0"/>
        <line num="88" count="19" type="stmt"/>
        <line num="89" count="19" type="stmt"/>
        <line num="91" count="19" type="cond" truecount="2" falsecount="0"/>
        <line num="92" count="2" type="stmt"/>
        <line num="95" count="17" type="stmt"/>
      </file>
      <file name="SearchBar.tsx" path="/Users/matsui/project/freelance-time-tracker/frontend/src/components/SearchBar.tsx">
        <metrics statements="6" coveredstatements="6" conditionals="3" coveredconditionals="3" methods="3" coveredmethods="3"/>
        <line num="9" count="1" type="cond" truecount="1" falsecount="0"/>
        <line num="10" count="7" type="stmt"/>
        <line num="11" count="3" type="stmt"/>
        <line num="14" count="7" type="stmt"/>
        <line num="15" count="1" type="stmt"/>
        <line num="18" count="7" type="stmt"/>
      </file>
      <file name="TaskCard.tsx" path="/Users/matsui/project/freelance-time-tracker/frontend/src/components/TaskCard.tsx">
        <metrics statements="19" coveredstatements="19" conditionals="18" coveredconditionals="17" methods="7" coveredmethods="7"/>
        <line num="10" count="1" type="stmt"/>
        <line num="16" count="1" type="stmt"/>
        <line num="22" count="1" type="stmt"/>
        <line num="28" count="1" type="stmt"/>
        <line num="34" count="1" type="stmt"/>
        <line num="35" count="22" type="stmt"/>
        <line num="36" count="1" type="stmt"/>
        <line num="39" count="22" type="stmt"/>
        <line num="40" count="21" type="cond" truecount="1" falsecount="1"/>
        <line num="41" count="21" type="stmt"/>
        <line num="42" count="21" type="stmt"/>
        <line num="49" count="22" type="stmt"/>
        <line num="50" count="42" type="cond" truecount="4" falsecount="0"/>
        <line num="51" count="38" type="stmt"/>
        <line num="54" count="22" type="stmt"/>
        <line num="79" count="66" type="stmt"/>
        <line num="103" count="1" type="stmt"/>
        <line num="110" count="2" type="cond" truecount="2" falsecount="0"/>
        <line num="111" count="1" type="stmt"/>
      </file>
    </package>
    <package name="test">
      <metrics statements="6" coveredstatements="6" conditionals="0" coveredconditionals="0" methods="3" coveredmethods="3"/>
      <file name="test-utils.tsx" path="/Users/matsui/project/freelance-time-tracker/frontend/src/test/test-utils.tsx">
        <metrics statements="6" coveredstatements="6" conditionals="0" coveredconditionals="0" methods="3" coveredmethods="3"/>
        <line num="7" count="1" type="stmt"/>
        <line num="8" count="7" type="stmt"/>
        <line num="25" count="1" type="stmt"/>
        <line num="26" count="7" type="stmt"/>
        <line num="28" count="7" type="stmt"/>
        <line num="36" count="7" type="stmt"/>
      </file>
    </package>
    <package name="utils">
      <metrics statements="34" coveredstatements="33" conditionals="10" coveredconditionals="8" methods="9" coveredmethods="9"/>
      <file name="csvExport.ts" path="/Users/matsui/project/freelance-time-tracker/frontend/src/utils/csvExport.ts">
        <metrics statements="28" coveredstatements="27" conditionals="10" coveredconditionals="8" methods="5" coveredmethods="5"/>
        <line num="4" count="1" type="stmt"/>
        <line num="6" count="3" type="stmt"/>
        <line num="8" count="5" type="stmt"/>
        <line num="11" count="8" type="cond" truecount="3" falsecount="1"/>
        <line num="13" count="8" type="cond" truecount="4" falsecount="1"/>
        <line num="14" count="0" type="stmt"/>
        <line num="16" count="8" type="stmt"/>
        <line num="23" count="3" type="stmt"/>
        <line num="24" count="3" type="stmt"/>
        <line num="27" count="3" type="stmt"/>
        <line num="28" count="3" type="stmt"/>
        <line num="29" count="3" type="stmt"/>
        <line num="30" count="3" type="stmt"/>
        <line num="31" count="3" type="stmt"/>
        <line num="32" count="3" type="stmt"/>
        <line num="33" count="3" type="stmt"/>
        <line num="34" count="3" type="stmt"/>
        <line num="35" count="3" type="stmt"/>
        <line num="41" count="1" type="cond" truecount="1" falsecount="0"/>
        <line num="42" count="3" type="stmt"/>
        <line num="43" count="3" type="stmt"/>
        <line num="44" count="3" type="stmt"/>
        <line num="45" count="3" type="stmt"/>
        <line num="51" count="1" type="stmt"/>
        <line num="52" count="5" type="stmt"/>
        <line num="53" count="5" type="stmt"/>
        <line num="54" count="5" type="stmt"/>
        <line num="55" count="5" type="stmt"/>
      </file>
      <file name="storage.ts" path="/Users/matsui/project/freelance-time-tracker/frontend/src/utils/storage.ts">
        <metrics statements="6" coveredstatements="6" conditionals="0" coveredconditionals="0" methods="4" coveredmethods="4"/>
        <line num="1" count="1" type="stmt"/>
        <line num="3" count="1" type="stmt"/>
        <line num="5" count="6" type="stmt"/>
        <line num="9" count="4" type="stmt"/>
        <line num="13" count="3" type="stmt"/>
        <line num="17" count="3" type="stmt"/>
      </file>
    </package>
  </project>
</coverage>
