{"/Users/matsui/project/freelance-time-tracker/frontend/src/components/ProjectCard.tsx": {"path":"/Users/matsui/project/freelance-time-tracker/frontend/src/components/ProjectCard.tsx","statementMap":{"0":{"start":{"line":10,"column":27},"end":{"line":83,"column":null}},"1":{"start":{"line":11,"column":8},"end":{"line":11,"column":null}},"2":{"start":{"line":13,"column":23},"end":{"line":17,"column":null}},"3":{"start":{"line":14,"column":4},"end":{"line":16,"column":null}},"4":{"start":{"line":15,"column":6},"end":{"line":15,"column":null}},"5":{"start":{"line":19,"column":2},"end":{"line":81,"column":null}},"6":{"start":{"line":32,"column":27},"end":{"line":32,"column":null}},"7":{"start":{"line":52,"column":25},"end":{"line":52,"column":null}},"8":{"start":{"line":86,"column":2},"end":{"line":86,"column":null}},"9":{"start":{"line":86,"column":19},"end":{"line":86,"column":null}},"10":{"start":{"line":88,"column":21},"end":{"line":88,"column":null}},"11":{"start":{"line":89,"column":18},"end":{"line":89,"column":null}},"12":{"start":{"line":91,"column":2},"end":{"line":93,"column":null}},"13":{"start":{"line":92,"column":4},"end":{"line":92,"column":null}},"14":{"start":{"line":95,"column":2},"end":{"line":95,"column":null}}},"fnMap":{"0":{"name":"(anonymous_0)","decl":{"start":{"line":10,"column":27},"end":{"line":10,"column":28}},"loc":{"start":{"line":10,"column":80},"end":{"line":83,"column":null}},"line":10},"1":{"name":"(anonymous_1)","decl":{"start":{"line":13,"column":23},"end":{"line":13,"column":29}},"loc":{"start":{"line":13,"column":29},"end":{"line":17,"column":null}},"line":13},"2":{"name":"(anonymous_2)","decl":{"start":{"line":32,"column":21},"end":{"line":32,"column":27}},"loc":{"start":{"line":32,"column":27},"end":{"line":32,"column":null}},"line":32},"3":{"name":"(anonymous_3)","decl":{"start":{"line":52,"column":19},"end":{"line":52,"column":25}},"loc":{"start":{"line":52,"column":25},"end":{"line":52,"column":null}},"line":52},"4":{"name":"formatTotalHours","decl":{"start":{"line":85,"column":9},"end":{"line":85,"column":26}},"loc":{"start":{"line":85,"column":49},"end":{"line":96,"column":null}},"line":85}},"branchMap":{"0":{"loc":{"start":{"line":14,"column":4},"end":{"line":16,"column":null}},"type":"if","locations":[{"start":{"line":14,"column":4},"end":{"line":16,"column":null}},{"start":{},"end":{}}],"line":14},"1":{"loc":{"start":{"line":48,"column":7},"end":{"line":48,"column":null}},"type":"binary-expr","locations":[{"start":{"line":48,"column":7},"end":{"line":48,"column":30}},{"start":{"line":48,"column":30},"end":{"line":48,"column":null}}],"line":48},"2":{"loc":{"start":{"line":63,"column":17},"end":{"line":63,"column":42}},"type":"binary-expr","locations":[{"start":{"line":63,"column":17},"end":{"line":63,"column":40}},{"start":{"line":63,"column":40},"end":{"line":63,"column":42}}],"line":63},"3":{"loc":{"start":{"line":74,"column":34},"end":{"line":74,"column":58}},"type":"binary-expr","locations":[{"start":{"line":74,"column":34},"end":{"line":74,"column":57}},{"start":{"line":74,"column":57},"end":{"line":74,"column":58}}],"line":74},"4":{"loc":{"start":{"line":86,"column":2},"end":{"line":86,"column":null}},"type":"if","locations":[{"start":{"line":86,"column":2},"end":{"line":86,"column":null}},{"start":{},"end":{}}],"line":86},"5":{"loc":{"start":{"line":91,"column":2},"end":{"line":93,"column":null}},"type":"if","locations":[{"start":{"line":91,"column":2},"end":{"line":93,"column":null}},{"start":{},"end":{}}],"line":91}},"s":{"0":1,"1":20,"2":20,"3":2,"4":1,"5":20,"6":1,"7":1,"8":20,"9":1,"10":19,"11":19,"12":19,"13":2,"14":17},"f":{"0":20,"1":2,"2":1,"3":1,"4":20},"b":{"0":[1,1],"1":[20,19],"2":[20,1],"3":[20,1],"4":[1,19],"5":[2,17]},"meta":{"lastBranch":6,"lastFunction":5,"lastStatement":15,"seen":{"s:10:27:83:Infinity":0,"f:10:27:10:28":0,"s:11:8:11:Infinity":1,"s:13:23:17:Infinity":2,"f:13:23:13:29":1,"b:14:4:16:Infinity:undefined:undefined:undefined:undefined":0,"s:14:4:16:Infinity":3,"s:15:6:15:Infinity":4,"s:19:2:81:Infinity":5,"f:32:21:32:27":2,"s:32:27:32:Infinity":6,"b:48:7:48:30:48:30:48:Infinity":1,"f:52:19:52:25":3,"s:52:25:52:Infinity":7,"b:63:17:63:40:63:40:63:42":2,"b:74:34:74:57:74:57:74:58":3,"f:85:9:85:26":4,"b:86:2:86:Infinity:undefined:undefined:undefined:undefined":4,"s:86:2:86:Infinity":8,"s:86:19:86:Infinity":9,"s:88:21:88:Infinity":10,"s:89:18:89:Infinity":11,"b:91:2:93:Infinity:undefined:undefined:undefined:undefined":5,"s:91:2:93:Infinity":12,"s:92:4:92:Infinity":13,"s:95:2:95:Infinity":14}}}
,"/Users/matsui/project/freelance-time-tracker/frontend/src/components/SearchBar.tsx": {"path":"/Users/matsui/project/freelance-time-tracker/frontend/src/components/SearchBar.tsx","statementMap":{"0":{"start":{"line":9,"column":25},"end":{"line":64,"column":null}},"1":{"start":{"line":10,"column":23},"end":{"line":12,"column":null}},"2":{"start":{"line":11,"column":4},"end":{"line":11,"column":null}},"3":{"start":{"line":14,"column":22},"end":{"line":16,"column":null}},"4":{"start":{"line":15,"column":4},"end":{"line":15,"column":null}},"5":{"start":{"line":18,"column":2},"end":{"line":62,"column":null}}},"fnMap":{"0":{"name":"(anonymous_0)","decl":{"start":{"line":9,"column":25},"end":{"line":9,"column":26}},"loc":{"start":{"line":9,"column":89},"end":{"line":64,"column":null}},"line":9},"1":{"name":"(anonymous_1)","decl":{"start":{"line":10,"column":23},"end":{"line":10,"column":24}},"loc":{"start":{"line":10,"column":61},"end":{"line":12,"column":null}},"line":10},"2":{"name":"(anonymous_2)","decl":{"start":{"line":14,"column":22},"end":{"line":14,"column":28}},"loc":{"start":{"line":14,"column":28},"end":{"line":16,"column":null}},"line":14}},"branchMap":{"0":{"loc":{"start":{"line":9,"column":45},"end":{"line":9,"column":67}},"type":"default-arg","locations":[{"start":{"line":9,"column":59},"end":{"line":9,"column":67}}],"line":9},"1":{"loc":{"start":{"line":42,"column":7},"end":{"line":60,"column":null}},"type":"binary-expr","locations":[{"start":{"line":42,"column":7},"end":{"line":42,"column":null}},{"start":{"line":43,"column":8},"end":{"line":60,"column":null}}],"line":42}},"s":{"0":1,"1":7,"2":3,"3":7,"4":1,"5":7},"f":{"0":7,"1":3,"2":1},"b":{"0":[7],"1":[7,3]},"meta":{"lastBranch":2,"lastFunction":3,"lastStatement":6,"seen":{"s:9:25:64:Infinity":0,"f:9:25:9:26":0,"b:9:59:9:67":0,"s:10:23:12:Infinity":1,"f:10:23:10:24":1,"s:11:4:11:Infinity":2,"s:14:22:16:Infinity":3,"f:14:22:14:28":2,"s:15:4:15:Infinity":4,"s:18:2:62:Infinity":5,"b:42:7:42:Infinity:43:8:60:Infinity":1}}}
,"/Users/matsui/project/freelance-time-tracker/frontend/src/components/TaskCard.tsx": {"path":"/Users/matsui/project/freelance-time-tracker/frontend/src/components/TaskCard.tsx","statementMap":{"0":{"start":{"line":10,"column":54},"end":{"line":14,"column":null}},"1":{"start":{"line":16,"column":54},"end":{"line":20,"column":null}},"2":{"start":{"line":22,"column":58},"end":{"line":26,"column":null}},"3":{"start":{"line":28,"column":58},"end":{"line":32,"column":null}},"4":{"start":{"line":34,"column":24},"end":{"line":121,"column":null}},"5":{"start":{"line":35,"column":29},"end":{"line":37,"column":null}},"6":{"start":{"line":36,"column":4},"end":{"line":36,"column":null}},"7":{"start":{"line":39,"column":21},"end":{"line":47,"column":null}},"8":{"start":{"line":40,"column":4},"end":{"line":40,"column":null}},"9":{"start":{"line":40,"column":21},"end":{"line":40,"column":null}},"10":{"start":{"line":41,"column":17},"end":{"line":41,"column":null}},"11":{"start":{"line":42,"column":4},"end":{"line":46,"column":null}},"12":{"start":{"line":49,"column":20},"end":{"line":52,"column":null}},"13":{"start":{"line":50,"column":4},"end":{"line":50,"column":null}},"14":{"start":{"line":50,"column":44},"end":{"line":50,"column":null}},"15":{"start":{"line":51,"column":4},"end":{"line":51,"column":null}},"16":{"start":{"line":54,"column":2},"end":{"line":119,"column":null}},"17":{"start":{"line":79,"column":12},"end":{"line":81,"column":null}},"18":{"start":{"line":103,"column":25},"end":{"line":103,"column":null}},"19":{"start":{"line":110,"column":12},"end":{"line":112,"column":null}},"20":{"start":{"line":111,"column":14},"end":{"line":111,"column":null}}},"fnMap":{"0":{"name":"(anonymous_0)","decl":{"start":{"line":34,"column":24},"end":{"line":34,"column":25}},"loc":{"start":{"line":34,"column":87},"end":{"line":121,"column":null}},"line":34},"1":{"name":"(anonymous_1)","decl":{"start":{"line":35,"column":29},"end":{"line":35,"column":30}},"loc":{"start":{"line":35,"column":74},"end":{"line":37,"column":null}},"line":35},"2":{"name":"(anonymous_2)","decl":{"start":{"line":39,"column":21},"end":{"line":39,"column":22}},"loc":{"start":{"line":39,"column":52},"end":{"line":47,"column":null}},"line":39},"3":{"name":"(anonymous_3)","decl":{"start":{"line":49,"column":20},"end":{"line":49,"column":21}},"loc":{"start":{"line":49,"column":48},"end":{"line":52,"column":null}},"line":49},"4":{"name":"(anonymous_4)","decl":{"start":{"line":78,"column":45},"end":{"line":78,"column":46}},"loc":{"start":{"line":79,"column":12},"end":{"line":81,"column":null}},"line":79},"5":{"name":"(anonymous_5)","decl":{"start":{"line":103,"column":19},"end":{"line":103,"column":25}},"loc":{"start":{"line":103,"column":25},"end":{"line":103,"column":null}},"line":103},"6":{"name":"(anonymous_6)","decl":{"start":{"line":109,"column":19},"end":{"line":109,"column":25}},"loc":{"start":{"line":109,"column":25},"end":{"line":113,"column":null}},"line":109}},"branchMap":{"0":{"loc":{"start":{"line":40,"column":4},"end":{"line":40,"column":null}},"type":"if","locations":[{"start":{"line":40,"column":4},"end":{"line":40,"column":null}},{"start":{},"end":{}}],"line":40},"1":{"loc":{"start":{"line":50,"column":4},"end":{"line":50,"column":null}},"type":"if","locations":[{"start":{"line":50,"column":4},"end":{"line":50,"column":null}},{"start":{},"end":{}}],"line":50},"2":{"loc":{"start":{"line":50,"column":8},"end":{"line":50,"column":44}},"type":"binary-expr","locations":[{"start":{"line":50,"column":8},"end":{"line":50,"column":20}},{"start":{"line":50,"column":20},"end":{"line":50,"column":44}}],"line":50},"3":{"loc":{"start":{"line":59,"column":13},"end":{"line":64,"column":null}},"type":"binary-expr","locations":[{"start":{"line":59,"column":13},"end":{"line":59,"column":null}},{"start":{"line":60,"column":14},"end":{"line":64,"column":null}}],"line":59},"4":{"loc":{"start":{"line":68,"column":11},"end":{"line":68,"column":null}},"type":"binary-expr","locations":[{"start":{"line":68,"column":11},"end":{"line":68,"column":31}},{"start":{"line":68,"column":31},"end":{"line":68,"column":null}}],"line":68},"5":{"loc":{"start":{"line":89,"column":9},"end":{"line":97,"column":null}},"type":"binary-expr","locations":[{"start":{"line":89,"column":9},"end":{"line":89,"column":null}},{"start":{"line":90,"column":10},"end":{"line":97,"column":null}}],"line":89},"6":{"loc":{"start":{"line":92,"column":14},"end":{"line":92,"column":null}},"type":"cond-expr","locations":[{"start":{"line":92,"column":41},"end":{"line":92,"column":70}},{"start":{"line":92,"column":70},"end":{"line":92,"column":null}}],"line":92},"7":{"loc":{"start":{"line":96,"column":13},"end":{"line":96,"column":null}},"type":"binary-expr","locations":[{"start":{"line":96,"column":13},"end":{"line":96,"column":41}},{"start":{"line":96,"column":41},"end":{"line":96,"column":null}}],"line":96},"8":{"loc":{"start":{"line":110,"column":12},"end":{"line":112,"column":null}},"type":"if","locations":[{"start":{"line":110,"column":12},"end":{"line":112,"column":null}},{"start":{},"end":{}}],"line":110}},"s":{"0":1,"1":1,"2":1,"3":1,"4":1,"5":22,"6":1,"7":22,"8":21,"9":0,"10":21,"11":21,"12":22,"13":42,"14":4,"15":38,"16":22,"17":66,"18":1,"19":2,"20":1},"f":{"0":22,"1":1,"2":21,"3":42,"4":66,"5":1,"6":2},"b":{"0":[0,21],"1":[4,38],"2":[42,42],"3":[22,21],"4":[22,21],"5":[22,21],"6":[18,3],"7":[21,18],"8":[1,1]},"meta":{"lastBranch":9,"lastFunction":7,"lastStatement":21,"seen":{"s:10:54:14:Infinity":0,"s:16:54:20:Infinity":1,"s:22:58:26:Infinity":2,"s:28:58:32:Infinity":3,"s:34:24:121:Infinity":4,"f:34:24:34:25":0,"s:35:29:37:Infinity":5,"f:35:29:35:30":1,"s:36:4:36:Infinity":6,"s:39:21:47:Infinity":7,"f:39:21:39:22":2,"b:40:4:40:Infinity:undefined:undefined:undefined:undefined":0,"s:40:4:40:Infinity":8,"s:40:21:40:Infinity":9,"s:41:17:41:Infinity":10,"s:42:4:46:Infinity":11,"s:49:20:52:Infinity":12,"f:49:20:49:21":3,"b:50:4:50:Infinity:undefined:undefined:undefined:undefined":1,"s:50:4:50:Infinity":13,"b:50:8:50:20:50:20:50:44":2,"s:50:44:50:Infinity":14,"s:51:4:51:Infinity":15,"s:54:2:119:Infinity":16,"b:59:13:59:Infinity:60:14:64:Infinity":3,"b:68:11:68:31:68:31:68:Infinity":4,"f:78:45:78:46":4,"s:79:12:81:Infinity":17,"b:89:9:89:Infinity:90:10:97:Infinity":5,"b:92:41:92:70:92:70:92:Infinity":6,"b:96:13:96:41:96:41:96:Infinity":7,"f:103:19:103:25":5,"s:103:25:103:Infinity":18,"f:109:19:109:25":6,"b:110:12:112:Infinity:undefined:undefined:undefined:undefined":8,"s:110:12:112:Infinity":19,"s:111:14:111:Infinity":20}}}
,"/Users/matsui/project/freelance-time-tracker/frontend/src/test/test-utils.tsx": {"path":"/Users/matsui/project/freelance-time-tracker/frontend/src/test/test-utils.tsx","statementMap":{"0":{"start":{"line":7,"column":30},"end":{"line":18,"column":null}},"1":{"start":{"line":8,"column":2},"end":{"line":18,"column":null}},"2":{"start":{"line":25,"column":24},"end":{"line":33,"column":null}},"3":{"start":{"line":26,"column":22},"end":{"line":26,"column":null}},"4":{"start":{"line":28,"column":2},"end":{"line":31,"column":null}},"5":{"start":{"line":36,"column":21},"end":{"line":37,"column":null}},"6":{"start":{"line":36,"column":40},"end":{"line":37,"column":null}}},"fnMap":{"0":{"name":"(anonymous_0)","decl":{"start":{"line":7,"column":30},"end":{"line":7,"column":null}},"loc":{"start":{"line":8,"column":2},"end":{"line":18,"column":null}},"line":8},"1":{"name":"(anonymous_1)","decl":{"start":{"line":25,"column":24},"end":{"line":25,"column":25}},"loc":{"start":{"line":25,"column":64},"end":{"line":33,"column":null}},"line":25},"2":{"name":"(anonymous_2)","decl":{"start":{"line":36,"column":21},"end":{"line":36,"column":22}},"loc":{"start":{"line":36,"column":40},"end":{"line":37,"column":null}},"line":36}},"branchMap":{},"s":{"0":1,"1":7,"2":1,"3":7,"4":7,"5":1,"6":7},"f":{"0":7,"1":7,"2":7},"b":{},"meta":{"lastBranch":0,"lastFunction":3,"lastStatement":7,"seen":{"s:7:30:18:Infinity":0,"f:7:30:7:Infinity":0,"s:8:2:18:Infinity":1,"s:25:24:33:Infinity":2,"f:25:24:25:25":1,"s:26:22:26:Infinity":3,"s:28:2:31:Infinity":4,"s:36:21:37:Infinity":5,"f:36:21:36:22":2,"s:36:40:37:Infinity":6}}}
,"/Users/matsui/project/freelance-time-tracker/frontend/src/utils/csvExport.ts": {"path":"/Users/matsui/project/freelance-time-tracker/frontend/src/utils/csvExport.ts","statementMap":{"0":{"start":{"line":4,"column":27},"end":{"line":36,"column":null}},"1":{"start":{"line":6,"column":21},"end":{"line":20,"column":null}},"2":{"start":{"line":8,"column":6},"end":{"line":18,"column":null}},"3":{"start":{"line":11,"column":28},"end":{"line":11,"column":null}},"4":{"start":{"line":13,"column":10},"end":{"line":15,"column":null}},"5":{"start":{"line":14,"column":12},"end":{"line":14,"column":null}},"6":{"start":{"line":16,"column":10},"end":{"line":16,"column":null}},"7":{"start":{"line":23,"column":14},"end":{"line":23,"column":null}},"8":{"start":{"line":24,"column":15},"end":{"line":24,"column":null}},"9":{"start":{"line":27,"column":15},"end":{"line":27,"column":null}},"10":{"start":{"line":28,"column":14},"end":{"line":28,"column":null}},"11":{"start":{"line":29,"column":2},"end":{"line":29,"column":null}},"12":{"start":{"line":30,"column":2},"end":{"line":30,"column":null}},"13":{"start":{"line":31,"column":2},"end":{"line":31,"column":null}},"14":{"start":{"line":32,"column":2},"end":{"line":32,"column":null}},"15":{"start":{"line":33,"column":2},"end":{"line":33,"column":null}},"16":{"start":{"line":34,"column":2},"end":{"line":34,"column":null}},"17":{"start":{"line":35,"column":2},"end":{"line":35,"column":null}},"18":{"start":{"line":41,"column":37},"end":{"line":46,"column":null}},"19":{"start":{"line":42,"column":15},"end":{"line":42,"column":null}},"20":{"start":{"line":43,"column":16},"end":{"line":43,"column":null}},"21":{"start":{"line":44,"column":14},"end":{"line":44,"column":null}},"22":{"start":{"line":45,"column":2},"end":{"line":45,"column":null}},"23":{"start":{"line":51,"column":30},"end":{"line":56,"column":null}},"24":{"start":{"line":52,"column":16},"end":{"line":52,"column":null}},"25":{"start":{"line":53,"column":18},"end":{"line":53,"column":null}},"26":{"start":{"line":54,"column":15},"end":{"line":54,"column":null}},"27":{"start":{"line":55,"column":2},"end":{"line":55,"column":null}}},"fnMap":{"0":{"name":"(anonymous_0)","decl":{"start":{"line":4,"column":27},"end":{"line":4,"column":28}},"loc":{"start":{"line":4,"column":68},"end":{"line":36,"column":null}},"line":4},"1":{"name":"(anonymous_1)","decl":{"start":{"line":7,"column":9},"end":{"line":7,"column":10}},"loc":{"start":{"line":8,"column":6},"end":{"line":18,"column":null}},"line":8},"2":{"name":"(anonymous_2)","decl":{"start":{"line":9,"column":13},"end":{"line":9,"column":14}},"loc":{"start":{"line":9,"column":23},"end":{"line":17,"column":9}},"line":9},"3":{"name":"(anonymous_3)","decl":{"start":{"line":41,"column":37},"end":{"line":41,"column":38}},"loc":{"start":{"line":41,"column":74},"end":{"line":46,"column":null}},"line":41},"4":{"name":"(anonymous_4)","decl":{"start":{"line":51,"column":30},"end":{"line":51,"column":31}},"loc":{"start":{"line":51,"column":59},"end":{"line":56,"column":null}},"line":51}},"branchMap":{"0":{"loc":{"start":{"line":11,"column":28},"end":{"line":11,"column":null}},"type":"cond-expr","locations":[{"start":{"line":11,"column":66},"end":{"line":11,"column":71}},{"start":{"line":11,"column":71},"end":{"line":11,"column":null}}],"line":11},"1":{"loc":{"start":{"line":11,"column":28},"end":{"line":11,"column":66}},"type":"binary-expr","locations":[{"start":{"line":11,"column":28},"end":{"line":11,"column":45}},{"start":{"line":11,"column":45},"end":{"line":11,"column":66}}],"line":11},"2":{"loc":{"start":{"line":13,"column":10},"end":{"line":15,"column":null}},"type":"if","locations":[{"start":{"line":13,"column":10},"end":{"line":15,"column":null}},{"start":{},"end":{}}],"line":13},"3":{"loc":{"start":{"line":13,"column":14},"end":{"line":13,"column":94}},"type":"binary-expr","locations":[{"start":{"line":13,"column":14},"end":{"line":13,"column":41}},{"start":{"line":13,"column":41},"end":{"line":13,"column":69}},{"start":{"line":13,"column":69},"end":{"line":13,"column":94}}],"line":13},"4":{"loc":{"start":{"line":41,"column":38},"end":{"line":41,"column":74}},"type":"default-arg","locations":[{"start":{"line":41,"column":51},"end":{"line":41,"column":74}}],"line":41}},"s":{"0":1,"1":3,"2":5,"3":8,"4":8,"5":0,"6":8,"7":3,"8":3,"9":3,"10":3,"11":3,"12":3,"13":3,"14":3,"15":3,"16":3,"17":3,"18":1,"19":3,"20":3,"21":3,"22":3,"23":1,"24":5,"25":5,"26":5,"27":5},"f":{"0":3,"1":5,"2":8,"3":3,"4":5},"b":{"0":[0,8],"1":[8,8],"2":[0,8],"3":[8,8,8],"4":[3]},"meta":{"lastBranch":5,"lastFunction":5,"lastStatement":28,"seen":{"s:4:27:36:Infinity":0,"f:4:27:4:28":0,"s:6:21:20:Infinity":1,"f:7:9:7:10":1,"s:8:6:18:Infinity":2,"f:9:13:9:14":2,"s:11:28:11:Infinity":3,"b:11:66:11:71:11:71:11:Infinity":0,"b:11:28:11:45:11:45:11:66":1,"b:13:10:15:Infinity:undefined:undefined:undefined:undefined":2,"s:13:10:15:Infinity":4,"b:13:14:13:41:13:41:13:69:13:69:13:94":3,"s:14:12:14:Infinity":5,"s:16:10:16:Infinity":6,"s:23:14:23:Infinity":7,"s:24:15:24:Infinity":8,"s:27:15:27:Infinity":9,"s:28:14:28:Infinity":10,"s:29:2:29:Infinity":11,"s:30:2:30:Infinity":12,"s:31:2:31:Infinity":13,"s:32:2:32:Infinity":14,"s:33:2:33:Infinity":15,"s:34:2:34:Infinity":16,"s:35:2:35:Infinity":17,"s:41:37:46:Infinity":18,"f:41:37:41:38":3,"b:41:51:41:74":4,"s:42:15:42:Infinity":19,"s:43:16:43:Infinity":20,"s:44:14:44:Infinity":21,"s:45:2:45:Infinity":22,"s:51:30:56:Infinity":23,"f:51:30:51:31":4,"s:52:16:52:Infinity":24,"s:53:18:53:Infinity":25,"s:54:15:54:Infinity":26,"s:55:2:55:Infinity":27}}}
,"/Users/matsui/project/freelance-time-tracker/frontend/src/utils/storage.ts": {"path":"/Users/matsui/project/freelance-time-tracker/frontend/src/utils/storage.ts","statementMap":{"0":{"start":{"line":1,"column":18},"end":{"line":1,"column":null}},"1":{"start":{"line":3,"column":23},"end":{"line":19,"column":null}},"2":{"start":{"line":5,"column":4},"end":{"line":5,"column":null}},"3":{"start":{"line":9,"column":4},"end":{"line":9,"column":null}},"4":{"start":{"line":13,"column":4},"end":{"line":13,"column":null}},"5":{"start":{"line":17,"column":4},"end":{"line":17,"column":null}}},"fnMap":{"0":{"name":"(anonymous_0)","decl":{"start":{"line":4,"column":12},"end":{"line":4,"column":33}},"loc":{"start":{"line":4,"column":33},"end":{"line":6,"column":null}},"line":4},"1":{"name":"(anonymous_1)","decl":{"start":{"line":8,"column":12},"end":{"line":8,"column":13}},"loc":{"start":{"line":8,"column":37},"end":{"line":10,"column":null}},"line":8},"2":{"name":"(anonymous_2)","decl":{"start":{"line":12,"column":15},"end":{"line":12,"column":27}},"loc":{"start":{"line":12,"column":27},"end":{"line":14,"column":null}},"line":12},"3":{"name":"(anonymous_3)","decl":{"start":{"line":16,"column":12},"end":{"line":16,"column":24}},"loc":{"start":{"line":16,"column":24},"end":{"line":18,"column":null}},"line":16}},"branchMap":{},"s":{"0":1,"1":1,"2":6,"3":4,"4":3,"5":3},"f":{"0":6,"1":4,"2":3,"3":3},"b":{},"meta":{"lastBranch":0,"lastFunction":4,"lastStatement":6,"seen":{"s:1:18:1:Infinity":0,"s:3:23:19:Infinity":1,"f:4:12:4:33":0,"s:5:4:5:Infinity":2,"f:8:12:8:13":1,"s:9:4:9:Infinity":3,"f:12:15:12:27":2,"s:13:4:13:Infinity":4,"f:16:12:16:24":3,"s:17:4:17:Infinity":5}}}
}
